# JRE version: OpenJDK Runtime Environment (17.0.2+8) (build 17.0.2+8-86)
# Java VM: OpenJDK 64-Bit Server VM (17.0.2+8-86, mixed mode, emulated-client, sharing, tiered, compressed oops, compressed class ptrs, g1 gc, windows-amd64)
GC Precious Log:
 CPUs: 12 total, 12 available
 Memory: 7563M
 Large Page Support: Disabled
 NUMA Support: Disabled
 Compressed Oops: Enabled (32-bit)
 Heap Region Size: 1M
 Heap Min Capacity: 8M
 Heap Initial Capacity: 120M
 Heap Max Capacity: 1892M
 Pre-touch: Disabled
 Parallel Workers: 10
 Concurrent Workers: 3
 Concurrent Refinement Workers: 10
 Periodic GC: Disabled
Heap:
 garbage-first heap   total 88064K, used 50679K [0x0000000089c00000, 0x0000000100000000)
  region size 1024K, 24 young (24576K), 2 survivors (2048K)
 Metaspace       used 52417K, committed 52864K, reserved 1097728K
  class space    used 7303K, committed 7488K, reserved 1048576K
GC Heap History (20 events):
Event: 118599.525 GC heap before
{Heap before GC invocations=29 (full 0):
 garbage-first heap   total 88064K, used 74842K [0x0000000089c00000, 0x0000000100000000)
  region size 1024K, 47 young (48128K), 2 survivors (2048K)
 Metaspace       used 52388K, committed 52864K, reserved 1097728K
  class space    used 7297K, committed 7488K, reserved 1048576K
}
Event: 118599.535 GC heap after
{Heap after GC invocations=30 (full 0):
 garbage-first heap   total 88064K, used 29150K [0x0000000089c00000, 0x0000000100000000)
  region size 1024K, 2 young (2048K), 2 survivors (2048K)
 Metaspace       used 52388K, committed 52864K, reserved 1097728K
  class space    used 7297K, committed 7488K, reserved 1048576K
}
Event: 119780.033 GC heap before
{Heap before GC invocations=30 (full 0):
 garbage-first heap   total 88064K, used 75230K [0x0000000089c00000, 0x0000000100000000)
  region size 1024K, 47 young (48128K), 2 survivors (2048K)
 Metaspace       used 52388K, committed 52864K, reserved 1097728K
  class space    used 7297K, committed 7488K, reserved 1048576K
}
Event: 119780.041 GC heap after
{Heap after GC invocations=31 (full 0):
 garbage-first heap   total 88064K, used 29159K [0x0000000089c00000, 0x0000000100000000)
  region size 1024K, 2 young (2048K), 2 survivors (2048K)
 Metaspace       used 52388K, committed 52864K, reserved 1097728K
  class space    used 7297K, committed 7488K, reserved 1048576K
}
Event: 122592.881 GC heap before
{Heap before GC invocations=31 (full 0):
 garbage-first heap   total 88064K, used 75239K [0x0000000089c00000, 0x0000000100000000)
  region size 1024K, 47 young (48128K), 2 survivors (2048K)
 Metaspace       used 52388K, committed 52864K, reserved 1097728K
  class space    used 7297K, committed 7488K, reserved 1048576K
}
Event: 122592.892 GC heap after
{Heap after GC invocations=32 (full 0):
 garbage-first heap   total 88064K, used 29193K [0x0000000089c00000, 0x0000000100000000)
  region size 1024K, 2 young (2048K), 2 survivors (2048K)
 Metaspace       used 52388K, committed 52864K, reserved 1097728K
  class space    used 7297K, committed 7488K, reserved 1048576K
}
Event: 123856.271 GC heap before
{Heap before GC invocations=32 (full 0):
 garbage-first heap   total 88064K, used 74249K [0x0000000089c00000, 0x0000000100000000)
  region size 1024K, 46 young (47104K), 2 survivors (2048K)
 Metaspace       used 52388K, committed 52864K, reserved 1097728K
  class space    used 7297K, committed 7488K, reserved 1048576K
}
Event: 123856.279 GC heap after
{Heap after GC invocations=33 (full 0):
 garbage-first heap   total 88064K, used 28674K [0x0000000089c00000, 0x0000000100000000)
  region size 1024K, 1 young (1024K), 1 survivors (1024K)
 Metaspace       used 52388K, committed 52864K, reserved 1097728K
  class space    used 7297K, committed 7488K, reserved 1048576K
}
Event: 125073.906 GC heap before
{Heap before GC invocations=33 (full 0):
 garbage-first heap   total 88064K, used 75778K [0x0000000089c00000, 0x0000000100000000)
  region size 1024K, 47 young (48128K), 1 survivors (1024K)
 Metaspace       used 52388K, committed 52864K, reserved 1097728K
  class space    used 7297K, committed 7488K, reserved 1048576K
}
Event: 125073.914 GC heap after
{Heap after GC invocations=34 (full 0):
 garbage-first heap   total 88064K, used 29164K [0x0000000089c00000, 0x0000000100000000)
  region size 1024K, 2 young (2048K), 2 survivors (2048K)
 Metaspace       used 52388K, committed 52864K, reserved 1097728K
  class space    used 7297K, committed 7488K, reserved 1048576K
}
Event: 126216.309 GC heap before
{Heap before GC invocations=34 (full 0):
 garbage-first heap   total 88064K, used 74220K [0x0000000089c00000, 0x0000000100000000)
  region size 1024K, 46 young (47104K), 2 survivors (2048K)
 Metaspace       used 52388K, committed 52864K, reserved 1097728K
  class space    used 7297K, committed 7488K, reserved 1048576K
}
Event: 126216.319 GC heap after
{Heap after GC invocations=35 (full 0):
 garbage-first heap   total 88064K, used 29217K [0x0000000089c00000, 0x0000000100000000)
  region size 1024K, 2 young (2048K), 2 survivors (2048K)
 Metaspace       used 52388K, committed 52864K, reserved 1097728K
  class space    used 7297K, committed 7488K, reserved 1048576K
}
Event: 127441.604 GC heap before
{Heap before GC invocations=35 (full 0):
 garbage-first heap   total 88064K, used 74273K [0x0000000089c00000, 0x0000000100000000)
  region size 1024K, 46 young (47104K), 2 survivors (2048K)
 Metaspace       used 52388K, committed 52864K, reserved 1097728K
  class space    used 7297K, committed 7488K, reserved 1048576K
}
Event: 127441.613 GC heap after
{Heap after GC invocations=36 (full 0):
 garbage-first heap   total 88064K, used 28765K [0x0000000089c00000, 0x0000000100000000)
  region size 1024K, 1 young (1024K), 1 survivors (1024K)
 Metaspace       used 52388K, committed 52864K, reserved 1097728K
  class space    used 7297K, committed 7488K, reserved 1048576K
}
Event: 129753.610 GC heap before
{Heap before GC invocations=36 (full 0):
 garbage-first heap   total 88064K, used 75869K [0x0000000089c00000, 0x0000000100000000)
  region size 1024K, 47 young (48128K), 1 survivors (1024K)
 Metaspace       used 52388K, committed 52864K, reserved 1097728K
  class space    used 7297K, committed 7488K, reserved 1048576K
}
Event: 129753.627 GC heap after
{Heap after GC invocations=37 (full 0):
 garbage-first heap   total 88064K, used 29647K [0x0000000089c00000, 0x0000000100000000)
  region size 1024K, 2 young (2048K), 2 survivors (2048K)
 Metaspace       used 52388K, committed 52864K, reserved 1097728K
  class space    used 7297K, committed 7488K, reserved 1048576K
}
Event: 130987.913 GC heap before
{Heap before GC invocations=37 (full 0):
 garbage-first heap   total 88064K, used 74703K [0x0000000089c00000, 0x0000000100000000)
  region size 1024K, 46 young (47104K), 2 survivors (2048K)
 Metaspace       used 52413K, committed 52864K, reserved 1097728K
  class space    used 7301K, committed 7488K, reserved 1048576K
}
Event: 130987.922 GC heap after
{Heap after GC invocations=38 (full 0):
 garbage-first heap   total 88064K, used 28806K [0x0000000089c00000, 0x0000000100000000)
  region size 1024K, 1 young (1024K), 1 survivors (1024K)
 Metaspace       used 52413K, committed 52864K, reserved 1097728K
  class space    used 7301K, committed 7488K, reserved 1048576K
}
Event: 132206.162 GC heap before
{Heap before GC invocations=38 (full 0):
 garbage-first heap   total 88064K, used 75910K [0x0000000089c00000, 0x0000000100000000)
  region size 1024K, 47 young (48128K), 1 survivors (1024K)
 Metaspace       used 52413K, committed 52864K, reserved 1097728K
  class space    used 7301K, committed 7488K, reserved 1048576K
}
Event: 132206.172 GC heap after
{Heap after GC invocations=39 (full 0):
 garbage-first heap   total 88064K, used 29175K [0x0000000089c00000, 0x0000000100000000)
  region size 1024K, 2 young (2048K), 2 survivors (2048K)
 Metaspace       used 52413K, committed 52864K, reserved 1097728K
  class space    used 7301K, committed 7488K, reserved 1048576K
}

